{"level":"info","message":"Parameters 20 and undefined received for division","service":"calculator-service"}
{"level":"error","message":"n2 cannot be blank","service":"calculator-service"}
{"level":"info","message":"Parameters 1 and 3 received for addition","service":"calculator-service"}
{"level":"info","message":"Parameters 47 and 7 received for subtraction","service":"calculator-service"}
{"level":"info","message":"Parameters 45 and 7 received for subtraction","service":"calculator-service"}
{"level":"info","message":"Parameters 5 and 3 received for multiplication","service":"calculator-service"}
{"level":"info","message":"Parameters 30 and 8 received for division","service":"calculator-service"}
{"level":"info","message":"Parameter 3 received for squaring","service":"calculator-service"}
{"level":"info","message":"Parameter 35 received for rooting","service":"calculator-service"}
{"level":"info","message":"Parameter 36 received for rooting","service":"calculator-service"}
{"level":"info","message":"Parameters 30 and 0 received for division","service":"calculator-service"}
{"level":"error","message":"n2 cannot be 0","service":"calculator-service"}
{"level":"info","message":"Parameters wrong and 4 received for division","service":"calculator-service"}
{"level":"error","message":"n1 is needs to be a number","service":"calculator-service"}
{"level":"info","message":"Parameters 30 and wrong received for division","service":"calculator-service"}
{"level":"error","message":"n2 is needs to be a number","service":"calculator-service"}
{"level":"info","message":"Parameters 30 and \"4\" received for division","service":"calculator-service"}
{"level":"error","message":"n2 is needs to be a number","service":"calculator-service"}
{"level":"info","message":"Parameter -6 received for rooting","service":"calculator-service"}
{"level":"error","message":"n2 cannot be negative","service":"calculator-service"}
{"level":"info","message":"Parameter -40 received for rooting","service":"calculator-service"}
{"level":"error","message":"n2 cannot be negative","service":"calculator-service"}
{"level":"info","message":"Parameters 20 and -6 received for division","service":"calculator-service"}
{"level":"info","message":"Parameters 20 and undefined received for division","service":"calculator-service"}
{"level":"error","message":"n2 cannot be blank","service":"calculator-service"}
{"level":"info","message":"Parameters 20 and 3 received for addition","service":"calculator-service"}
{"level":"info","message":"Parameters 1 and 3 received for addition","service":"calculator-service"}
{"level":"info","message":"Login attempt by Rikky","service":"calculator-service"}
{"level":"info","message":"New token undefinedgenerated by Rikky","service":"calculator-service"}
{"level":"info","message":"Login attempt by Rikky","service":"calculator-service"}
{"level":"info","message":"New token eyJhbGciOiJIUzI1NiIsInR5cCI6IkpXVCJ9.eyJ1c2VybmFtZSI6IlJpa2t5IiwiaWF0IjoxNjc5NjQyMTM0fQ.TGwaM4dGimcJ1OpTulCRLmRiA2ngygf8dD60PWSWKNsgenerated by Rikky","service":"calculator-service"}
{"level":"info","message":"Login attempt by Faisal","service":"calculator-service"}
{"level":"info","message":"New token eyJhbGciOiJIUzI1NiIsInR5cCI6IkpXVCJ9.eyJ1c2VybmFtZSI6IkZhaXNhbCIsImlhdCI6MTY3OTY0MjM3Nn0.W-qUKCyOjva-6FyUeg3PTYSkCt1iPVJvQ_izw6Z6bGo generated by Faisal","service":"calculator-service"}
{"level":"info","message":"Login attempt by Valeh","service":"calculator-service"}
{"level":"info","message":"New token eyJhbGciOiJIUzI1NiIsInR5cCI6IkpXVCJ9.eyJ1c2VybmFtZSI6IlZhbGVoIiwiaWF0IjoxNjc5NjQyMzg1fQ.Ln4R6hxiqjGzyFPqTBUAT5Mxy20Vc1vMmK7RP4UCjFs generated by Valeh","service":"calculator-service"}
{"level":"info","message":"Login attempt by Hacker","service":"calculator-service"}
{"level":"error","message":"no user found","service":"calculator-service"}
{"level":"info","message":"Login attempt by Rikky","service":"calculator-service"}
{"level":"info","message":"New token eyJhbGciOiJIUzI1NiIsInR5cCI6IkpXVCJ9.eyJ1c2VybmFtZSI6IlJpa2t5IiwiaWF0IjoxNjc5NjQzMjc3fQ.RFquYG8Ym9kqtYj7OYKtq3qpn5di2jg5oK5AsxmrIUY generated by Rikky","service":"calculator-service"}
{"level":"info","message":"Parameters 1 and 3 received for subtraction","service":"calculator-service"}
